<?xml version="1.0" encoding="UTF-8"?>
<testng-results ignored="0" total="1" passed="1" failed="0" skipped="0">
  <reporter-output>
  </reporter-output>
  <suite started-at="2023-02-22T20:12:25 CST" name="Default suite" finished-at="2023-02-22T20:12:28 CST" duration-ms="3576">
    <groups>
    </groups>
    <test started-at="2023-02-22T20:12:25 CST" name="Default test" finished-at="2023-02-22T20:12:28 CST" duration-ms="3576">
      <class name="com.testscenarios.FBlogin">
        <test-method signature="f()[pri:0, instance:com.testscenarios.FBlogin@e350b40]" started-at="2023-02-22T20:12:25 CST" name="f" finished-at="2023-02-22T20:12:28 CST" duration-ms="3543" status="PASS">
          <reporter-output>
          </reporter-output>
        </test-method> <!-- f -->
      </class> <!-- com.testscenarios.FBlogin -->
    </test> <!-- Default test -->
  </suite> <!-- Default suite -->
</testng-results>
