<?xml version="1.0" encoding="UTF-8"?>
<testng-results ignored="0" total="1" passed="1" failed="0" skipped="0">
  <reporter-output>
  </reporter-output>
  <suite started-at="2023-03-01T20:18:03 CST" name="Default suite" finished-at="2023-03-01T20:18:35 CST" duration-ms="32320">
    <groups>
    </groups>
    <test started-at="2023-03-01T20:18:03 CST" name="Default test" finished-at="2023-03-01T20:18:35 CST" duration-ms="32320">
      <class name="com.testscenarios.JRIsignin">
        <test-method is-config="true" signature="openBrowser()[pri:0, instance:com.testscenarios.JRIsignin@2b30a42c]" started-at="2023-03-01T20:18:03 CST" name="openBrowser" finished-at="2023-03-01T20:18:05 CST" duration-ms="1922" status="PASS">
          <reporter-output>
          </reporter-output>
        </test-method> <!-- openBrowser -->
        <test-method signature="f()[pri:0, instance:com.testscenarios.JRIsignin@2b30a42c]" started-at="2023-03-01T20:18:05 CST" name="f" finished-at="2023-03-01T20:18:35 CST" duration-ms="29825" status="PASS">
          <reporter-output>
          </reporter-output>
        </test-method> <!-- f -->
        <test-method is-config="true" signature="takeScreenshotForEachTestCase(org.testng.ITestResult)[pri:0, instance:com.testscenarios.JRIsignin@2b30a42c]" started-at="2023-03-01T20:18:35 CST" name="takeScreenshotForEachTestCase" finished-at="2023-03-01T20:18:35 CST" duration-ms="402" status="PASS">
          <params>
            <param index="0">
              <value>
                <![CDATA[[TestResult name=f status=SUCCESS method=JRIsignin.f()[pri:0, instance:com.testscenarios.JRIsignin@2b30a42c] output={null}]]]>
              </value>
            </param>
          </params>
          <reporter-output>
          </reporter-output>
        </test-method> <!-- takeScreenshotForEachTestCase -->
        <test-method is-config="true" signature="closeBrowser()[pri:0, instance:com.testscenarios.JRIsignin@2b30a42c]" started-at="2023-03-01T20:18:35 CST" name="closeBrowser" finished-at="2023-03-01T20:18:35 CST" duration-ms="137" status="PASS">
          <reporter-output>
          </reporter-output>
        </test-method> <!-- closeBrowser -->
      </class> <!-- com.testscenarios.JRIsignin -->
    </test> <!-- Default test -->
  </suite> <!-- Default suite -->
</testng-results>
